{"message":"Unauthorized request to path: /","level":"error"}
{"message":"Unauthorized request to path: /favicon.ico","level":"error"}
{"message":"Unauthorized request to path: /folders","level":"error"}
{"message":"Unauthorized request to path: /favicon.ico","level":"error"}
{"message":"Unauthorized request to path: /notes","level":"error"}
{"message":"Unauthorized request to path: /favicon.ico","level":"error"}
{"message":"Unauthorized request to path: /notes","level":"error"}
{"message":"Unauthorized request to path: /favicon.ico","level":"error"}
{"message":"Unauthorized request to path: /notes","level":"error"}
{"message":"Unauthorized request to path: /favicon.ico","level":"error"}
{"message":"Unauthorized request to path: /notes","level":"error"}
{"message":"Unauthorized request to path: /favicon.ico","level":"error"}
{"message":"Unauthorized request to path: /folders","level":"error"}
{"message":"Unauthorized request to path: /favicon.ico","level":"error"}
{"message":"Unauthorized request to path: /notes","level":"error"}
{"message":"Unauthorized request to path: /favicon.ico","level":"error"}
{"message":"Unauthorized request to path: /folders","level":"error"}
{"message":"Unauthorized request to path: /favicon.ico","level":"error"}
{"message":"Unauthorized request to path: /notes","level":"error"}
{"message":"Unauthorized request to path: /favicon.ico","level":"error"}
{"message":"Unauthorized request to path: /articles","level":"error"}
{"message":"Unauthorized request to path: /folders","level":"error"}
{"message":"Unauthorized request to path: /folders","level":"error"}
{"message":"Unauthorized request to path: /","level":"error"}
{"message":"Unauthorized request to path: /","level":"error"}
{"message":"Unauthorized request to path: /folder","level":"error"}
{"message":"Unauthorized request to path: /folders","level":"error"}
{"message":"Cannot read property 'select' of undefined","level":"error"}
{"message":"Unauthorized request to path: /notes","level":"error"}
{"message":"Cannot read property 'select' of undefined","level":"error"}
{"message":"Unauthorized request to path: /notes","level":"error"}
{"message":"Cannot read property 'select' of undefined","level":"error"}
{"message":"Unauthorized request to path: /","level":"error"}
{"message":"Unauthorized request to path: /","level":"error"}
{"message":"Unauthorized request to path: /notes","level":"error"}
{"message":"Cannot read property 'select' of undefined","level":"error"}
{"message":"Unauthorized request to path: /notes","level":"error"}
{"message":"Cannot read property 'select' of undefined","level":"error"}
{"message":"Unauthorized request to path: /notes","level":"error"}
{"message":"Cannot read property 'select' of undefined","level":"error"}
{"message":"Unauthorized request to path: /notes","level":"error"}
{"message":"Cannot read property 'select' of undefined","level":"error"}
{"message":"Unauthorized request to path: /notes","level":"error"}
{"message":"Cannot read property 'select' of undefined","level":"error"}
{"message":"Unauthorized request to path: /notes","level":"error"}
{"message":"Cannot read property 'select' of undefined","level":"error"}
{"message":"Unauthorized request to path: /notes","level":"error"}
{"message":"Cannot read property 'select' of undefined","level":"error"}
{"message":"Unauthorized request to path: /notes","level":"error"}
{"message":"Cannot read property 'select' of undefined","level":"error"}
{"message":"Unauthorized request to path: /notes","level":"error"}
{"message":"connect ECONNREFUSED 127.0.0.1:5432","level":"error"}
{"message":"Unauthorized request to path: /notes","level":"error"}
{"message":"connect ECONNREFUSED 127.0.0.1:5432","level":"error"}
{"message":"Unauthorized request to path: /","level":"error"}
{"message":"Unauthorized request to path: /","level":"error"}
{"message":"Unauthorized request to path: /notes","level":"error"}
{"message":"connect ECONNREFUSED 127.0.0.1:5432","level":"error"}
{"message":"Unauthorized request to path: /notes","level":"error"}
{"message":"connect ECONNREFUSED 127.0.0.1:5432","level":"error"}
{"message":"connect ECONNREFUSED 127.0.0.1:5432","level":"error"}
{"message":"connect ECONNREFUSED 127.0.0.1:5432","level":"error"}
{"message":"insert into \"noteful_notes\" (\"content\", \"folder_id\", \"modified\", \"name\") values ($1, DEFAULT, $2, $3) returning * - null value in column \"folder_id\" violates not-null constraint","level":"error"}
{"message":"insert into \"noteful_notes\" (\"content\", \"folder_id\", \"modified\", \"name\") values ($1, DEFAULT, $2, $3) returning * - null value in column \"folder_id\" violates not-null constraint","level":"error"}
{"message":"insert into \"noteful_notes\" (\"content\", \"folder_id\", \"modified\", \"name\") values ($1, DEFAULT, $2, $3) returning * - null value in column \"folder_id\" violates not-null constraint","level":"error"}
{"message":"insert into \"noteful_notes\" (\"content\", \"folder_id\", \"modified\", \"name\") values ($1, DEFAULT, $2, $3) returning * - null value in column \"folder_id\" violates not-null constraint","level":"error"}
{"message":"insert into \"noteful_notes\" (\"content\", \"folder_id\", \"modified\", \"name\") values ($1, DEFAULT, $2, $3) returning * - null value in column \"folder_id\" violates not-null constraint","level":"error"}
{"message":"insert into \"noteful_notes\" (\"content\", \"folder_id\", \"modified\", \"name\") values ($1, DEFAULT, $2, $3) returning * - null value in column \"folder_id\" violates not-null constraint","level":"error"}
{"message":"insert into \"noteful_notes\" (\"content\", \"folder_id\", \"modified\", \"name\") values ($1, DEFAULT, $2, $3) returning * - null value in column \"folder_id\" violates not-null constraint","level":"error"}
{"message":"insert into \"noteful_notes\" (\"content\", \"folder_id\", \"modified\", \"name\") values ($1, DEFAULT, $2, $3) returning * - null value in column \"folder_id\" violates not-null constraint","level":"error"}
{"message":"insert into \"noteful_notes\" (\"content\", \"folder_id\", \"modified\", \"name\") values ($1, DEFAULT, $2, $3) returning * - null value in column \"folder_id\" violates not-null constraint","level":"error"}
{"message":"insert into \"noteful_notes\" (\"content\", \"folder_id\", \"modified\", \"name\") values ($1, DEFAULT, $2, $3) returning * - null value in column \"folder_id\" violates not-null constraint","level":"error"}
{"message":"insert into \"noteful_notes\" (\"content\", \"folder_id\", \"modified\", \"name\") values ($1, DEFAULT, $2, $3) returning * - null value in column \"folder_id\" violates not-null constraint","level":"error"}
{"message":"insert into \"noteful_notes\" (\"content\", \"folder_id\", \"modified\", \"name\") values ($1, DEFAULT, $2, $3) returning * - null value in column \"folder_id\" violates not-null constraint","level":"error"}
{"message":"insert into \"noteful_notes\" (\"content\", \"folder_id\", \"modified\", \"name\") values ($1, DEFAULT, $2, $3) returning * - null value in column \"folder_id\" violates not-null constraint","level":"error"}
{"message":"insert into \"noteful_notes\" (\"content\", \"folder_id\", \"modified\", \"name\") values ($1, DEFAULT, $2, $3) returning * - null value in column \"folder_id\" violates not-null constraint","level":"error"}
{"message":"insert into \"noteful_notes\" (\"content\", \"folder_id\", \"modified\", \"name\") values ($1, DEFAULT, $2, $3) returning * - null value in column \"folder_id\" violates not-null constraint","level":"error"}
{"message":"insert into \"noteful_notes\" (\"content\", \"folder_id\", \"modified\", \"name\") values ($1, DEFAULT, $2, $3) returning * - null value in column \"folder_id\" violates not-null constraint","level":"error"}
{"message":"insert into \"noteful_notes\" (\"content\", \"folder_id\", \"modified\", \"name\") values ($1, DEFAULT, $2, $3) returning * - null value in column \"folder_id\" violates not-null constraint","level":"error"}
{"message":"insert into \"noteful_notes\" (\"content\", \"folder_id\", \"modified\", \"name\") values ($1, DEFAULT, $2, $3) returning * - null value in column \"folder_id\" violates not-null constraint","level":"error"}
{"message":"insert into \"noteful_notes\" (\"content\", \"folder_id\", \"modified\", \"name\") values ($1, DEFAULT, $2, $3) returning * - null value in column \"folder_id\" violates not-null constraint","level":"error"}
{"message":"insert into \"noteful_notes\" (\"content\", \"folder_id\", \"modified\", \"name\") values ($1, DEFAULT, $2, $3) returning * - null value in column \"folder_id\" violates not-null constraint","level":"error"}
{"message":"insert into \"noteful_notes\" (\"content\", \"folder_id\", \"modified\", \"name\") values ($1, DEFAULT, $2, $3) returning * - null value in column \"folder_id\" violates not-null constraint","level":"error"}
{"message":"insert into \"noteful_notes\" (\"content\", \"folder_id\", \"modified\", \"name\") values ($1, DEFAULT, $2, $3) returning * - null value in column \"folder_id\" violates not-null constraint","level":"error"}
{"message":"insert into \"noteful_notes\" (\"content\", \"folder_id\", \"modified\", \"name\") values ($1, DEFAULT, $2, $3) returning * - null value in column \"folder_id\" violates not-null constraint","level":"error"}
{"message":"insert into \"noteful_notes\" (\"content\", \"folder_id\", \"modified\", \"name\") values ($1, DEFAULT, $2, $3) returning * - null value in column \"folder_id\" violates not-null constraint","level":"error"}
{"message":"insert into \"noteful_notes\" (\"content\", \"folder_id_int\", \"modified\", \"name\") values ($1, $2, $3, $4) returning * - column \"folder_id_int\" of relation \"noteful_notes\" does not exist","level":"error"}
{"message":"insert into \"noteful_notes\" (\"content\", \"folder_id\", \"modified\", \"name\") values ($1, DEFAULT, $2, $3) returning * - null value in column \"folder_id\" violates not-null constraint","level":"error"}
{"message":"insert into \"noteful_notes\" (\"content\", \"folder_id\", \"modified\", \"name\") values ($1, DEFAULT, $2, $3) returning * - null value in column \"folder_id\" violates not-null constraint","level":"error"}
{"message":"insert into \"noteful_notes\" (\"content\", \"folder_id\", \"modified\", \"name\") values ($1, DEFAULT, $2, $3) returning * - null value in column \"folder_id\" violates not-null constraint","level":"error"}
{"message":"insert into \"noteful_notes\" (\"content\", \"folder_id\", \"modified\", \"name\") values ($1, DEFAULT, $2, $3) returning * - null value in column \"folder_id\" violates not-null constraint","level":"error"}
{"message":"insert into \"noteful_notes\" (\"content\", \"folder_id\", \"modified\", \"name\") values ($1, DEFAULT, $2, $3) returning * - null value in column \"folder_id\" violates not-null constraint","level":"error"}
{"message":"insert into \"noteful_notes\" (\"content\", \"folder_id\", \"modified\", \"name\") values ($1, DEFAULT, $2, $3) returning * - null value in column \"folder_id\" violates not-null constraint","level":"error"}
{"message":"insert into \"noteful_notes\" (\"content\", \"folder_id\", \"modified\", \"name\") values ($1, DEFAULT, $2, $3) returning * - null value in column \"folder_id\" violates not-null constraint","level":"error"}
{"message":"insert into \"noteful_notes\" (\"content\", \"folder_id\", \"modified\", \"name\") values ($1, DEFAULT, $2, $3) returning * - null value in column \"folder_id\" violates not-null constraint","level":"error"}
{"message":"insert into \"noteful_notes\" (\"content\", \"folder_id\", \"modified\", \"name\") values ($1, DEFAULT, $2, $3) returning * - null value in column \"folder_id\" violates not-null constraint","level":"error"}
{"message":"insert into \"noteful_notes\" (\"content\", \"folder_id\", \"modified\", \"name\") values ($1, DEFAULT, $2, $3) returning * - null value in column \"folder_id\" violates not-null constraint","level":"error"}
{"message":"insert into \"noteful_notes\" (\"content\", \"folder_id\", \"modified\", \"name\") values ($1, DEFAULT, $2, $3) returning * - null value in column \"folder_id\" violates not-null constraint","level":"error"}
{"message":"insert into \"noteful_notes\" (\"content\", \"folder_id\", \"modified\", \"name\") values ($1, DEFAULT, $2, $3) returning * - null value in column \"folder_id\" violates not-null constraint","level":"error"}
{"message":"insert into \"noteful_notes\" (\"content\", \"folder_id\", \"modified\", \"name\") values ($1, DEFAULT, $2, $3) returning * - null value in column \"folder_id\" violates not-null constraint","level":"error"}
{"message":"insert into \"noteful_notes\" (\"content\", \"folder_id\", \"modified\", \"name\") values ($1, DEFAULT, $2, $3) returning * - null value in column \"folder_id\" violates not-null constraint","level":"error"}
{"message":"insert into \"noteful_notes\" (\"content\", \"folder_id\", \"modified\", \"name\") values ($1, DEFAULT, $2, $3) returning * - null value in column \"folder_id\" violates not-null constraint","level":"error"}
{"message":"insert into \"noteful_notes\" (\"content\", \"folder_id\", \"modified\", \"name\") values ($1, DEFAULT, $2, $3) returning * - null value in column \"folder_id\" violates not-null constraint","level":"error"}
{"message":"insert into \"noteful_notes\" (\"content\", \"folder_id\", \"modified\", \"name\") values ($1, DEFAULT, $2, $3) returning * - null value in column \"folder_id\" violates not-null constraint","level":"error"}
{"message":"insert into \"noteful_notes\" (\"content\", \"folder_id\", \"modified\", \"name\") values ($1, DEFAULT, $2, $3) returning * - null value in column \"folder_id\" violates not-null constraint","level":"error"}
{"message":"insert into \"noteful_notes\" (\"content\", \"folder_id\", \"modified\", \"name\") values ($1, DEFAULT, $2, $3) returning * - null value in column \"folder_id\" violates not-null constraint","level":"error"}
{"message":"insert into \"noteful_notes\" (\"content\", \"folder_id\", \"modified\", \"name\") values ($1, DEFAULT, $2, $3) returning * - null value in column \"folder_id\" violates not-null constraint","level":"error"}
{"message":"insert into \"noteful_notes\" (\"content\", \"folder_id\", \"modified\", \"name\") values ($1, DEFAULT, $2, $3) returning * - null value in column \"folder_id\" violates not-null constraint","level":"error"}
{"message":"insert into \"noteful_notes\" (\"content\", \"folder_id\", \"modified\", \"name\") values ($1, DEFAULT, $2, $3) returning * - null value in column \"folder_id\" violates not-null constraint","level":"error"}
{"message":"insert into \"noteful_notes\" (\"content\", \"folder_id\", \"modified\", \"name\") values ($1, DEFAULT, $2, $3) returning * - null value in column \"folder_id\" violates not-null constraint","level":"error"}
{"message":"insert into \"noteful_notes\" (\"content\", \"folder_id\", \"modified\", \"name\") values ($1, DEFAULT, $2, $3) returning * - null value in column \"folder_id\" violates not-null constraint","level":"error"}
{"message":"insert into \"noteful_notes\" (\"content\", \"folder_id\", \"modified\", \"name\") values ($1, DEFAULT, $2, $3) returning * - null value in column \"folder_id\" violates not-null constraint","level":"error"}
{"message":"insert into \"noteful_notes\" (\"content\", \"folder_id\", \"modified\", \"name\") values ($1, DEFAULT, $2, $3) returning * - null value in column \"folder_id\" violates not-null constraint","level":"error"}
{"message":"Cannot read property 'id' of undefined","level":"error"}
{"message":"Cannot read property 'id' of undefined","level":"error"}
{"message":"Cannot read property 'id' of undefined","level":"error"}
{"message":"Cannot read property 'id' of undefined","level":"error"}
{"message":"Cannot read property 'id' of undefined","level":"error"}
{"message":"Cannot read property 'id' of undefined","level":"error"}
{"message":"Cannot read property 'id' of undefined","level":"error"}
{"message":"Cannot read property 'id' of undefined","level":"error"}
{"message":"connect ECONNREFUSED 127.0.0.1:5432","level":"error"}
{"message":"connect ECONNREFUSED 127.0.0.1:5432","level":"error"}
